2018-11-03 15:06:12,368 DEBUG [main] hr4.UserDao       ( UserDao.java:111)     - sql:
DELETE FROM users WHERE u_id = ? 

2018-11-03 15:06:12,465 DEBUG [main] hr4.UserDao       ( UserDao.java:119)     - flag:
1
2018-11-03 15:06:12,495 DEBUG [main] hr4.UserDao       ( UserDao.java:40)     - sql:
INSERT INTO users (u_id, name, password) VALUES (?,?,?) 

2018-11-03 15:06:12,497 DEBUG [main] hr4.UserDao       ( UserDao.java:50)     - flag:
1
2018-11-03 15:06:12,517 DEBUG [main] hr4.UserDao       ( UserDao.java:70)     - sql:
SELECT * FROM users WHERE u_id = ? 

2018-11-03 15:06:12,527 DEBUG [main] hr4.UserDao       ( UserDao.java:89)     - user:
User [u_id=mmmark_110, name=이찬희, password=1224]
2018-11-03 15:06:12,529 DEBUG [main] hr4.Main          (    Main.java:39)     - ===================================
2018-11-03 15:06:12,530 DEBUG [main] hr4.Main          (    Main.java:40)     - 등록 성공
2018-11-03 15:06:12,530 DEBUG [main] hr4.Main          (    Main.java:41)     - ===================================
2018-11-03 15:07:12,970 DEBUG [main] hr4.UserDao       ( UserDao.java:111)     - sql:
DELETE FROM users WHERE u_id = ? 

2018-11-03 15:07:13,064 DEBUG [main] hr4.UserDao       ( UserDao.java:119)     - flag:
1
2018-11-03 15:07:13,066 DEBUG [main] hr4.Main          (    Main.java:29)     - ===================================
2018-11-03 15:07:13,066 DEBUG [main] hr4.Main          (    Main.java:30)     - 제거 성공
2018-11-03 15:07:13,066 DEBUG [main] hr4.Main          (    Main.java:31)     - ===================================
2018-11-03 15:07:13,088 DEBUG [main] hr4.UserDao       ( UserDao.java:40)     - sql:
INSERT INTO users (u_id, name, password) VALUES (?,?,?) 

2018-11-03 15:07:13,090 DEBUG [main] hr4.UserDao       ( UserDao.java:50)     - flag:
1
2018-11-03 15:07:13,113 DEBUG [main] hr4.UserDao       ( UserDao.java:70)     - sql:
SELECT * FROM users WHERE u_id = ? 

2018-11-03 15:07:13,123 DEBUG [main] hr4.UserDao       ( UserDao.java:89)     - user:
User [u_id=mmmark_110, name=이찬희, password=1224]
2018-11-03 15:07:13,124 DEBUG [main] hr4.Main          (    Main.java:47)     - ===================================
2018-11-03 15:07:13,124 DEBUG [main] hr4.Main          (    Main.java:48)     - 등록 성공
2018-11-03 15:07:13,125 DEBUG [main] hr4.Main          (    Main.java:49)     - ===================================
2018-11-03 15:07:46,961 DEBUG [main] hr4.UserDao       ( UserDao.java:40)     - sql:
INSERT INTO users (u_id, name, password) VALUES (?,?,?) 

2018-11-03 15:07:47,030 DEBUG [main] hr4.UserDao       ( UserDao.java:50)     - flag:
1
2018-11-03 15:07:47,069 DEBUG [main] hr4.UserDao       ( UserDao.java:70)     - sql:
SELECT * FROM users WHERE u_id = ? 

2018-11-03 15:07:47,079 DEBUG [main] hr4.UserDao       ( UserDao.java:89)     - user:
User [u_id=mmmark_110, name=이찬희, password=1224]
2018-11-03 15:07:47,080 DEBUG [main] hr4.Main          (    Main.java:34)     - ===================================
2018-11-03 15:07:47,080 DEBUG [main] hr4.Main          (    Main.java:35)     - 등록 성공
2018-11-03 15:07:47,082 DEBUG [main] hr4.Main          (    Main.java:36)     - ===================================
2018-11-03 15:07:47,101 DEBUG [main] hr4.UserDao       ( UserDao.java:111)     - sql:
DELETE FROM users WHERE u_id = ? 

2018-11-03 15:07:47,103 DEBUG [main] hr4.UserDao       ( UserDao.java:119)     - flag:
1
2018-11-03 15:07:47,104 DEBUG [main] hr4.Main          (    Main.java:48)     - ===================================
2018-11-03 15:07:47,105 DEBUG [main] hr4.Main          (    Main.java:49)     - 제거 성공
2018-11-03 15:07:47,105 DEBUG [main] hr4.Main          (    Main.java:50)     - ===================================
2018-11-03 15:11:14,345 DEBUG [main] hr4.UserDao       ( UserDao.java:40)     - sql:
INSERT INTO users (u_id, name, password) VALUES (?,?,?) 

2018-11-03 15:11:14,410 DEBUG [main] hr4.UserDao       ( UserDao.java:50)     - flag:
1
2018-11-03 15:11:14,454 DEBUG [main] hr4.UserDao       ( UserDao.java:70)     - sql:
SELECT * FROM users WHERE u_id = ? 

2018-11-03 15:11:14,465 DEBUG [main] hr4.UserDao       ( UserDao.java:89)     - user:
User [u_id=mmmark_110, name=이찬희, password=1224]
2018-11-03 15:11:14,466 DEBUG [main] hr4.Main          (    Main.java:34)     - ===================================
2018-11-03 15:11:14,466 DEBUG [main] hr4.Main          (    Main.java:35)     - 등록 성공
2018-11-03 15:11:14,468 DEBUG [main] hr4.Main          (    Main.java:36)     - ===================================
2018-11-03 15:11:14,486 DEBUG [main] hr4.UserDao       ( UserDao.java:111)     - sql:
DELETE FROM users WHERE u_id = ? 

2018-11-03 15:11:14,488 DEBUG [main] hr4.UserDao       ( UserDao.java:119)     - flag:
1
2018-11-03 15:11:14,490 DEBUG [main] hr4.Main          (    Main.java:48)     - ===================================
2018-11-03 15:11:14,490 DEBUG [main] hr4.Main          (    Main.java:49)     - 제거 성공 del result=1
2018-11-03 15:11:14,490 DEBUG [main] hr4.Main          (    Main.java:50)     - ===================================
