2018-11-03 16:03:14,137 DEBUG [main] hr7.Main          (    Main.java:26)     - ===================================
2018-11-03 16:03:14,139 DEBUG [main] hr7.Main          (    Main.java:27)     - dao = com.sist1.hr7.UserDao@b1bc7ed
2018-11-03 16:03:14,139 DEBUG [main] hr7.Main          (    Main.java:28)     - dao01 = com.sist1.hr7.UserDao@7cd84586
2018-11-03 16:03:14,140 DEBUG [main] hr7.Main          (    Main.java:29)     - ===================================
2018-11-03 16:03:14,631 DEBUG [main] hr7.UserDao       ( UserDao.java:44)     - sql:
INSERT INTO users (u_id, name, password) VALUES (?,?,?) 

2018-11-03 16:03:14,699 DEBUG [main] hr7.UserDao       ( UserDao.java:54)     - flag:
1
2018-11-03 16:03:14,726 DEBUG [main] hr7.UserDao       ( UserDao.java:74)     - sql:
SELECT * FROM users WHERE u_id = ? 

2018-11-03 16:03:14,737 DEBUG [main] hr7.UserDao       ( UserDao.java:93)     - user:
User [u_id=mmmark_110, name=이찬희, password=1224]
2018-11-03 16:03:14,738 DEBUG [main] hr7.Main          (    Main.java:41)     - ===================================
2018-11-03 16:03:14,738 DEBUG [main] hr7.Main          (    Main.java:42)     - 등록 성공
2018-11-03 16:03:14,738 DEBUG [main] hr7.Main          (    Main.java:43)     - ===================================
2018-11-03 16:03:14,757 DEBUG [main] hr7.UserDao       ( UserDao.java:115)     - sql:
DELETE FROM users WHERE u_id = ? 

2018-11-03 16:03:14,759 DEBUG [main] hr7.UserDao       ( UserDao.java:123)     - flag:
1
2018-11-03 16:03:14,760 DEBUG [main] hr7.Main          (    Main.java:55)     - ===================================
2018-11-03 16:03:14,760 DEBUG [main] hr7.Main          (    Main.java:56)     - 제거 성공 del result=1
2018-11-03 16:03:14,761 DEBUG [main] hr7.Main          (    Main.java:57)     - ===================================
2018-11-03 16:44:59,417 DEBUG [main] env.StandardEnvironment (MutablePropertySources.java:106)     - Adding PropertySource 'systemProperties' with lowest search precedence
2018-11-03 16:44:59,422 DEBUG [main] env.StandardEnvironment (MutablePropertySources.java:106)     - Adding PropertySource 'systemEnvironment' with lowest search precedence
2018-11-03 16:44:59,425 DEBUG [main] env.StandardEnvironment (AbstractEnvironment.java:124)     - Initialized StandardEnvironment with PropertySources [MapPropertySource@1555845260 {name='systemProperties', properties={java.runtime.name=Java(TM) SE Runtime Environment, sun.boot.library.path=C:\Program Files\Java\jre1.8.0_171\bin, java.vm.version=25.171-b11, java.vm.vendor=Oracle Corporation, java.vendor.url=http://java.oracle.com/, path.separator=;, java.vm.name=Java HotSpot(TM) 64-Bit Server VM, file.encoding.pkg=sun.io, user.country=KR, user.script=, sun.java.launcher=SUN_STANDARD, sun.os.patch.level=, java.vm.specification.name=Java Virtual Machine Specification, user.dir=D:\springboot_lessons\workspace\eclipse\hr7, java.runtime.version=1.8.0_171-b11, java.awt.graphicsenv=sun.awt.Win32GraphicsEnvironment, java.endorsed.dirs=C:\Program Files\Java\jre1.8.0_171\lib\endorsed, os.arch=amd64, java.io.tmpdir=C:\Users\sist1\AppData\Local\Temp\, line.separator=
, java.vm.specification.vendor=Oracle Corporation, user.variant=, os.name=Windows 8.1, sun.jnu.encoding=MS949, java.library.path=C:\Program Files\Java\jre1.8.0_171\bin;C:\windows\Sun\Java\bin;C:\windows\system32;C:\windows;C:/Program Files/Java/jre1.8.0_171/bin/server;C:/Program Files/Java/jre1.8.0_171/bin;C:/Program Files/Java/jre1.8.0_171/lib/amd64;C:\Program Files (x86)\Common Files\Oracle\Java\javapath;C:\Program Files (x86)\Intel\iCLS Client\;C:\Program Files\Intel\iCLS Client\;C:\windows\system32;C:\windows;C:\windows\System32\Wbem;C:\windows\System32\WindowsPowerShell\v1.0\;C:\Program Files\Intel\Intel(R) Management Engine Components\DAL;C:\Program Files\Intel\Intel(R) Management Engine Components\IPT;C:\Program Files (x86)\Intel\Intel(R) Management Engine Components\DAL;C:\Program Files (x86)\Intel\Intel(R) Management Engine Components\IPT;C:\Program Files\Samsung\AllShare Framework DMS\1.3.23\;C:\Program Files\Samsung\AllShare Framework DMS\1.3.23\64bit\;C:\ProgramData\chocolatey\bin;C:\Program Files\Java\jdk1.8.0_191\bin;C:\Users\sist1\scoop\apps\maven\current\bin;C:\Users\sist1\scoop\shims;D:\JADE\HR_BIG_20180702\03_JSP\soc\eclipse;;., java.specification.name=Java Platform API Specification, java.class.version=52.0, sun.management.compiler=HotSpot 64-Bit Tiered Compilers, os.version=6.3, user.home=C:\Users\sist1, user.timezone=Asia/Seoul, java.awt.printerjob=sun.awt.windows.WPrinterJob, file.encoding=UTF-8, java.specification.version=1.8, java.class.path=D:\springboot_lessons\workspace\eclipse\hr7\target\classes;C:\Users\sist1\scoop\apps\maven\3.6.0\repositories\org\springframework\spring-context\4.3.18.RELEASE\spring-context-4.3.18.RELEASE.jar;C:\Users\sist1\scoop\apps\maven\3.6.0\repositories\org\springframework\spring-aop\4.3.18.RELEASE\spring-aop-4.3.18.RELEASE.jar;C:\Users\sist1\scoop\apps\maven\3.6.0\repositories\org\springframework\spring-beans\4.3.18.RELEASE\spring-beans-4.3.18.RELEASE.jar;C:\Users\sist1\scoop\apps\maven\3.6.0\repositories\org\springframework\spring-core\4.3.18.RELEASE\spring-core-4.3.18.RELEASE.jar;C:\Users\sist1\scoop\apps\maven\3.6.0\repositories\commons-logging\commons-logging\1.2\commons-logging-1.2.jar;C:\Users\sist1\scoop\apps\maven\3.6.0\repositories\org\springframework\spring-expression\4.3.18.RELEASE\spring-expression-4.3.18.RELEASE.jar;C:\Users\sist1\scoop\apps\maven\3.6.0\repositories\oracle\ojdbc6\11.2.0.3\ojdbc6-11.2.0.3.jar;C:\Users\sist1\scoop\apps\maven\3.6.0\repositories\log4j\log4j\1.2.17\log4j-1.2.17.jar, user.name=sist1, java.vm.specification.version=1.8, sun.java.command=com.sist1.hr7.Main, java.home=C:\Program Files\Java\jre1.8.0_171, sun.arch.data.model=64, user.language=ko, java.specification.vendor=Oracle Corporation, awt.toolkit=sun.awt.windows.WToolkit, java.vm.info=mixed mode, java.version=1.8.0_171, java.ext.dirs=C:\Program Files\Java\jre1.8.0_171\lib\ext;C:\windows\Sun\Java\lib\ext, sun.boot.class.path=C:\Program Files\Java\jre1.8.0_171\lib\resources.jar;C:\Program Files\Java\jre1.8.0_171\lib\rt.jar;C:\Program Files\Java\jre1.8.0_171\lib\sunrsasign.jar;C:\Program Files\Java\jre1.8.0_171\lib\jsse.jar;C:\Program Files\Java\jre1.8.0_171\lib\jce.jar;C:\Program Files\Java\jre1.8.0_171\lib\charsets.jar;C:\Program Files\Java\jre1.8.0_171\lib\jfr.jar;C:\Program Files\Java\jre1.8.0_171\classes, java.vendor=Oracle Corporation, file.separator=\, java.vendor.url.bug=http://bugreport.sun.com/bugreport/, sun.io.unicode.encoding=UnicodeLittle, sun.cpu.endian=little, sun.desktop=windows, sun.cpu.isalist=amd64}}, SystemEnvironmentPropertySource@874088044 {name='systemEnvironment', properties={USERDOMAIN_ROAMINGPROFILE=sist, LOCALAPPDATA=C:\Users\sist1\AppData\Local, ChocolateyLastPathUpdate=Sat Nov  3 09:21:35 2018, PROCESSOR_LEVEL=6, FP_NO_HOST_CHECK=NO, USERDOMAIN=sist, LOGONSERVER=\\SIST, JAVA_HOME=C:\Program Files\Java\jdk1.8.0_171, SESSIONNAME=Console, ALLUSERSPROFILE=C:\ProgramData, PROCESSOR_ARCHITECTURE=AMD64, GIT_INSTALL_ROOT=C:\Users\sist1\scoop\apps\git\current, PSModulePath=C:\windows\system32\WindowsPowerShell\v1.0\Modules\, SystemDrive=C:, GROOVY_HOME=C:\Users\sist1\scoop\apps\groovy\current, MAVEN_HOME=C:\Users\sist1\scoop\apps\maven\3.6.0, APPDATA=C:\Users\sist1\AppData\Roaming, USERNAME=sist1, ChocolateyInstall=C:\ProgramData\chocolatey, ProgramFiles(x86)=C:\Program Files (x86), CommonProgramFiles=C:\Program Files\Common Files, Path=C:/Program Files/Java/jre1.8.0_171/bin/server;C:/Program Files/Java/jre1.8.0_171/bin;C:/Program Files/Java/jre1.8.0_171/lib/amd64;C:\Program Files (x86)\Common Files\Oracle\Java\javapath;C:\Program Files (x86)\Intel\iCLS Client\;C:\Program Files\Intel\iCLS Client\;C:\windows\system32;C:\windows;C:\windows\System32\Wbem;C:\windows\System32\WindowsPowerShell\v1.0\;C:\Program Files\Intel\Intel(R) Management Engine Components\DAL;C:\Program Files\Intel\Intel(R) Management Engine Components\IPT;C:\Program Files (x86)\Intel\Intel(R) Management Engine Components\DAL;C:\Program Files (x86)\Intel\Intel(R) Management Engine Components\IPT;C:\Program Files\Samsung\AllShare Framework DMS\1.3.23\;C:\Program Files\Samsung\AllShare Framework DMS\1.3.23\64bit\;C:\ProgramData\chocolatey\bin;C:\Program Files\Java\jdk1.8.0_191\bin;C:\Users\sist1\scoop\apps\maven\current\bin;C:\Users\sist1\scoop\shims;D:\JADE\HR_BIG_20180702\03_JSP\soc\eclipse;, PATHEXT=.COM;.EXE;.BAT;.CMD;.VBS;.VBE;.JS;.JSE;.WSF;.WSH;.MSC, OS=Windows_NT, COMPUTERNAME=SIST, PROCESSOR_REVISION=3c03, CLASSPATH=.;, CommonProgramW6432=C:\Program Files\Common Files, ComSpec=C:\windows\system32\cmd.exe, ProgramData=C:\ProgramData, ProgramW6432=C:\Program Files, HOMEPATH=\Users\sist1, SystemRoot=C:\windows, TEMP=C:\Users\sist1\AppData\Local\Temp, SPRING_HOME=C:\ProgramData\chocolatey\lib\spring-boot-cli\spring-2.0.4.RELEASE, HOMEDRIVE=C:, PROCESSOR_IDENTIFIER=Intel64 Family 6 Model 60 Stepping 3, GenuineIntel, USERPROFILE=C:\Users\sist1, TMP=C:\Users\sist1\AppData\Local\Temp, CommonProgramFiles(x86)=C:\Program Files (x86)\Common Files, ProgramFiles=C:\Program Files, PUBLIC=C:\Users\Public, NUMBER_OF_PROCESSORS=4, windir=C:\windows, =::=::\}}]
2018-11-03 16:44:59,501 INFO  [main] annotation.AnnotationConfigApplicationContext (AbstractApplicationContext.java:583)     - Refreshing org.springframework.context.annotation.AnnotationConfigApplicationContext@20fa23c1: startup date [Sat Nov 03 16:44:59 KST 2018]; root of context hierarchy
2018-11-03 16:44:59,502 DEBUG [main] annotation.AnnotationConfigApplicationContext (AbstractApplicationContext.java:617)     - Bean factory for org.springframework.context.annotation.AnnotationConfigApplicationContext@20fa23c1: org.springframework.beans.factory.support.DefaultListableBeanFactory@6bf256fa: defining beans [org.springframework.context.annotation.internalConfigurationAnnotationProcessor,org.springframework.context.annotation.internalAutowiredAnnotationProcessor,org.springframework.context.annotation.internalRequiredAnnotationProcessor,org.springframework.context.annotation.internalCommonAnnotationProcessor,org.springframework.context.event.internalEventListenerProcessor,org.springframework.context.event.internalEventListenerFactory,daoFactory]; root of factory hierarchy
2018-11-03 16:44:59,514 DEBUG [main] support.DefaultListableBeanFactory (DefaultSingletonBeanRegistry.java:221)     - Creating shared instance of singleton bean 'org.springframework.context.annotation.internalConfigurationAnnotationProcessor'
2018-11-03 16:44:59,515 DEBUG [main] support.DefaultListableBeanFactory (AbstractAutowireCapableBeanFactory.java:449)     - Creating instance of bean 'org.springframework.context.annotation.internalConfigurationAnnotationProcessor'
2018-11-03 16:44:59,582 DEBUG [main] support.DefaultListableBeanFactory (AbstractAutowireCapableBeanFactory.java:539)     - Eagerly caching bean 'org.springframework.context.annotation.internalConfigurationAnnotationProcessor' to allow for resolving potential circular references
2018-11-03 16:44:59,585 DEBUG [main] support.DefaultListableBeanFactory (AbstractAutowireCapableBeanFactory.java:485)     - Finished creating instance of bean 'org.springframework.context.annotation.internalConfigurationAnnotationProcessor'
2018-11-03 16:44:59,621 DEBUG [main] annotation.ConfigurationClassBeanDefinitionReader (ConfigurationClassBeanDefinitionReader.java:263)     - Registering bean definition for @Bean method com.sist1.hr7.DaoFactory.userDao()
2018-11-03 16:44:59,700 DEBUG [main] annotation.ConfigurationClassEnhancer (ConfigurationClassEnhancer.java:112)     - Successfully enhanced com.sist1.hr7.DaoFactory; enhanced class name is: com.sist1.hr7.DaoFactory$$EnhancerBySpringCGLIB$$f638e010
2018-11-03 16:44:59,705 DEBUG [main] annotation.ConfigurationClassPostProcessor (ConfigurationClassPostProcessor.java:396)     - Replacing bean definition 'daoFactory' existing class 'com.sist1.hr7.DaoFactory' with enhanced class 'com.sist1.hr7.DaoFactory$$EnhancerBySpringCGLIB$$f638e010'
2018-11-03 16:44:59,710 DEBUG [main] support.DefaultListableBeanFactory (DefaultSingletonBeanRegistry.java:221)     - Creating shared instance of singleton bean 'org.springframework.context.annotation.internalAutowiredAnnotationProcessor'
2018-11-03 16:44:59,714 DEBUG [main] support.DefaultListableBeanFactory (AbstractAutowireCapableBeanFactory.java:449)     - Creating instance of bean 'org.springframework.context.annotation.internalAutowiredAnnotationProcessor'
2018-11-03 16:44:59,716 DEBUG [main] support.DefaultListableBeanFactory (AbstractAutowireCapableBeanFactory.java:539)     - Eagerly caching bean 'org.springframework.context.annotation.internalAutowiredAnnotationProcessor' to allow for resolving potential circular references
2018-11-03 16:44:59,754 DEBUG [main] support.DefaultListableBeanFactory (AbstractAutowireCapableBeanFactory.java:485)     - Finished creating instance of bean 'org.springframework.context.annotation.internalAutowiredAnnotationProcessor'
2018-11-03 16:44:59,757 DEBUG [main] support.DefaultListableBeanFactory (DefaultSingletonBeanRegistry.java:221)     - Creating shared instance of singleton bean 'org.springframework.context.annotation.internalRequiredAnnotationProcessor'
2018-11-03 16:44:59,757 DEBUG [main] support.DefaultListableBeanFactory (AbstractAutowireCapableBeanFactory.java:449)     - Creating instance of bean 'org.springframework.context.annotation.internalRequiredAnnotationProcessor'
2018-11-03 16:44:59,757 DEBUG [main] support.DefaultListableBeanFactory (AbstractAutowireCapableBeanFactory.java:539)     - Eagerly caching bean 'org.springframework.context.annotation.internalRequiredAnnotationProcessor' to allow for resolving potential circular references
2018-11-03 16:44:59,761 DEBUG [main] support.DefaultListableBeanFactory (AbstractAutowireCapableBeanFactory.java:485)     - Finished creating instance of bean 'org.springframework.context.annotation.internalRequiredAnnotationProcessor'
2018-11-03 16:44:59,761 DEBUG [main] support.DefaultListableBeanFactory (DefaultSingletonBeanRegistry.java:221)     - Creating shared instance of singleton bean 'org.springframework.context.annotation.internalCommonAnnotationProcessor'
2018-11-03 16:44:59,761 DEBUG [main] support.DefaultListableBeanFactory (AbstractAutowireCapableBeanFactory.java:449)     - Creating instance of bean 'org.springframework.context.annotation.internalCommonAnnotationProcessor'
2018-11-03 16:44:59,764 DEBUG [main] support.DefaultListableBeanFactory (AbstractAutowireCapableBeanFactory.java:539)     - Eagerly caching bean 'org.springframework.context.annotation.internalCommonAnnotationProcessor' to allow for resolving potential circular references
2018-11-03 16:44:59,772 DEBUG [main] support.DefaultListableBeanFactory (AbstractAutowireCapableBeanFactory.java:485)     - Finished creating instance of bean 'org.springframework.context.annotation.internalCommonAnnotationProcessor'
2018-11-03 16:44:59,774 DEBUG [main] annotation.AnnotationConfigApplicationContext (AbstractApplicationContext.java:734)     - Unable to locate MessageSource with name 'messageSource': using default [org.springframework.context.support.DelegatingMessageSource@646007f4]
2018-11-03 16:44:59,775 DEBUG [main] annotation.AnnotationConfigApplicationContext (AbstractApplicationContext.java:758)     - Unable to locate ApplicationEventMulticaster with name 'applicationEventMulticaster': using default [org.springframework.context.event.SimpleApplicationEventMulticaster@2641e737]
2018-11-03 16:44:59,776 DEBUG [main] support.DefaultListableBeanFactory (DefaultListableBeanFactory.java:730)     - Pre-instantiating singletons in org.springframework.beans.factory.support.DefaultListableBeanFactory@6bf256fa: defining beans [org.springframework.context.annotation.internalConfigurationAnnotationProcessor,org.springframework.context.annotation.internalAutowiredAnnotationProcessor,org.springframework.context.annotation.internalRequiredAnnotationProcessor,org.springframework.context.annotation.internalCommonAnnotationProcessor,org.springframework.context.event.internalEventListenerProcessor,org.springframework.context.event.internalEventListenerFactory,daoFactory,userDao]; root of factory hierarchy
2018-11-03 16:44:59,777 DEBUG [main] support.DefaultListableBeanFactory (AbstractBeanFactory.java:251)     - Returning cached instance of singleton bean 'org.springframework.context.annotation.internalConfigurationAnnotationProcessor'
2018-11-03 16:44:59,777 DEBUG [main] support.DefaultListableBeanFactory (AbstractBeanFactory.java:251)     - Returning cached instance of singleton bean 'org.springframework.context.annotation.internalAutowiredAnnotationProcessor'
2018-11-03 16:44:59,777 DEBUG [main] support.DefaultListableBeanFactory (AbstractBeanFactory.java:251)     - Returning cached instance of singleton bean 'org.springframework.context.annotation.internalRequiredAnnotationProcessor'
2018-11-03 16:44:59,778 DEBUG [main] support.DefaultListableBeanFactory (AbstractBeanFactory.java:251)     - Returning cached instance of singleton bean 'org.springframework.context.annotation.internalCommonAnnotationProcessor'
2018-11-03 16:44:59,778 DEBUG [main] support.DefaultListableBeanFactory (DefaultSingletonBeanRegistry.java:221)     - Creating shared instance of singleton bean 'org.springframework.context.event.internalEventListenerProcessor'
2018-11-03 16:44:59,778 DEBUG [main] support.DefaultListableBeanFactory (AbstractAutowireCapableBeanFactory.java:449)     - Creating instance of bean 'org.springframework.context.event.internalEventListenerProcessor'
2018-11-03 16:44:59,782 DEBUG [main] support.DefaultListableBeanFactory (AbstractAutowireCapableBeanFactory.java:539)     - Eagerly caching bean 'org.springframework.context.event.internalEventListenerProcessor' to allow for resolving potential circular references
2018-11-03 16:44:59,786 DEBUG [main] support.DefaultListableBeanFactory (AbstractAutowireCapableBeanFactory.java:485)     - Finished creating instance of bean 'org.springframework.context.event.internalEventListenerProcessor'
2018-11-03 16:44:59,787 DEBUG [main] support.DefaultListableBeanFactory (DefaultSingletonBeanRegistry.java:221)     - Creating shared instance of singleton bean 'org.springframework.context.event.internalEventListenerFactory'
2018-11-03 16:44:59,787 DEBUG [main] support.DefaultListableBeanFactory (AbstractAutowireCapableBeanFactory.java:449)     - Creating instance of bean 'org.springframework.context.event.internalEventListenerFactory'
2018-11-03 16:44:59,789 DEBUG [main] support.DefaultListableBeanFactory (AbstractAutowireCapableBeanFactory.java:539)     - Eagerly caching bean 'org.springframework.context.event.internalEventListenerFactory' to allow for resolving potential circular references
2018-11-03 16:44:59,814 DEBUG [main] support.DefaultListableBeanFactory (AbstractAutowireCapableBeanFactory.java:485)     - Finished creating instance of bean 'org.springframework.context.event.internalEventListenerFactory'
2018-11-03 16:44:59,814 DEBUG [main] support.DefaultListableBeanFactory (DefaultSingletonBeanRegistry.java:221)     - Creating shared instance of singleton bean 'daoFactory'
2018-11-03 16:44:59,815 DEBUG [main] support.DefaultListableBeanFactory (AbstractAutowireCapableBeanFactory.java:449)     - Creating instance of bean 'daoFactory'
2018-11-03 16:44:59,816 DEBUG [main] support.DefaultListableBeanFactory (AbstractAutowireCapableBeanFactory.java:539)     - Eagerly caching bean 'daoFactory' to allow for resolving potential circular references
2018-11-03 16:44:59,818 DEBUG [main] support.DefaultListableBeanFactory (AbstractAutowireCapableBeanFactory.java:485)     - Finished creating instance of bean 'daoFactory'
2018-11-03 16:44:59,819 DEBUG [main] support.DefaultListableBeanFactory (DefaultSingletonBeanRegistry.java:221)     - Creating shared instance of singleton bean 'userDao'
2018-11-03 16:44:59,819 DEBUG [main] support.DefaultListableBeanFactory (AbstractAutowireCapableBeanFactory.java:449)     - Creating instance of bean 'userDao'
2018-11-03 16:44:59,821 DEBUG [main] support.DefaultListableBeanFactory (AbstractBeanFactory.java:251)     - Returning cached instance of singleton bean 'daoFactory'
2018-11-03 16:44:59,839 DEBUG [main] support.DefaultListableBeanFactory (AbstractAutowireCapableBeanFactory.java:539)     - Eagerly caching bean 'userDao' to allow for resolving potential circular references
2018-11-03 16:44:59,841 DEBUG [main] support.DefaultListableBeanFactory (AbstractAutowireCapableBeanFactory.java:485)     - Finished creating instance of bean 'userDao'
2018-11-03 16:44:59,841 DEBUG [main] support.DefaultListableBeanFactory (AbstractBeanFactory.java:251)     - Returning cached instance of singleton bean 'org.springframework.context.event.internalEventListenerFactory'
2018-11-03 16:44:59,868 DEBUG [main] annotation.AnnotationConfigApplicationContext (AbstractApplicationContext.java:785)     - Unable to locate LifecycleProcessor with name 'lifecycleProcessor': using default [org.springframework.context.support.DefaultLifecycleProcessor@5cdd8682]
2018-11-03 16:44:59,869 DEBUG [main] support.DefaultListableBeanFactory (AbstractBeanFactory.java:251)     - Returning cached instance of singleton bean 'lifecycleProcessor'
2018-11-03 16:44:59,873 DEBUG [main] env.PropertySourcesPropertyResolver (PropertySourcesPropertyResolver.java:92)     - Could not find key 'spring.liveBeansView.mbeanDomain' in any property source
2018-11-03 16:44:59,875 DEBUG [main] support.DefaultListableBeanFactory (AbstractBeanFactory.java:251)     - Returning cached instance of singleton bean 'userDao'
2018-11-03 16:44:59,875 DEBUG [main] hr7.Main          (    Main.java:33)     - ===================================
2018-11-03 16:44:59,876 DEBUG [main] hr7.Main          (    Main.java:34)     - dao = com.sist1.hr7.UserDao@4e41089d
2018-11-03 16:44:59,876 DEBUG [main] hr7.Main          (    Main.java:36)     - ===================================
2018-11-03 16:45:00,265 DEBUG [main] hr7.UserDao       ( UserDao.java:45)     - sql:
INSERT INTO users (u_id, name, password) VALUES (?,?,?) 

2018-11-03 16:45:00,321 DEBUG [main] hr7.UserDao       ( UserDao.java:55)     - flag:
1
2018-11-03 16:45:00,352 DEBUG [main] hr7.UserDao       ( UserDao.java:75)     - sql:
SELECT * FROM users WHERE u_id = ? 

2018-11-03 16:45:00,362 DEBUG [main] hr7.UserDao       ( UserDao.java:94)     - user:
User [u_id=mmmark_110, name=이찬희, password=1224]
2018-11-03 16:45:00,363 DEBUG [main] hr7.Main          (    Main.java:51)     - ===================================
2018-11-03 16:45:00,363 DEBUG [main] hr7.Main          (    Main.java:52)     - 등록 성공
2018-11-03 16:45:00,363 DEBUG [main] hr7.Main          (    Main.java:53)     - ===================================
2018-11-03 16:45:00,383 DEBUG [main] hr7.UserDao       ( UserDao.java:116)     - sql:
DELETE FROM users WHERE u_id = ? 

2018-11-03 16:45:00,384 DEBUG [main] hr7.UserDao       ( UserDao.java:124)     - flag:
1
2018-11-03 16:45:00,386 DEBUG [main] hr7.Main          (    Main.java:65)     - ===================================
2018-11-03 16:45:00,386 DEBUG [main] hr7.Main          (    Main.java:66)     - 제거 성공 del result=1
2018-11-03 16:45:00,386 DEBUG [main] hr7.Main          (    Main.java:67)     - ===================================
